<?xml version="1.0" encoding="UTF-8"?>
<!-- Generated by org.testng.reporters.JUnitReportReporter -->
<testsuite skipped="0" hostname="DESKTOP-9675BQ2" name="com.skava.headerpkg.TC10_Test" tests="1" failures="0" timestamp="14 Jul 2018 18:22:08 GMT" time="0.234" errors="0">
  <testcase name="TC10" time="0.234" classname="com.skava.headerpkg.TC10_Test"/>
</testsuite> <!-- com.skava.headerpkg.TC10_Test -->
