<?xml version="1.0" encoding="UTF-8"?>
<!-- Generated by org.testng.reporters.JUnitReportReporter -->
<testsuite skipped="0" hostname="DESKTOP-9675BQ2" name="com.skava.header_pkg.TC8_Test" tests="1" failures="0" timestamp="15 Jul 2018 05:50:25 GMT" time="0.021" errors="0">
  <testcase name="TC8" time="0.021" classname="com.skava.header_pkg.TC8_Test"/>
</testsuite> <!-- com.skava.header_pkg.TC8_Test -->
