<?xml version="1.0" encoding="UTF-8"?>
<!-- Generated by org.testng.reporters.JUnitReportReporter -->
<testsuite skipped="0" hostname="DESKTOP-9675BQ2" name="com.skava.testcases.TC1_Test" tests="1" failures="0" timestamp="14 Jul 2018 18:25:06 GMT" time="3.415" errors="0">
  <testcase name="TC1" time="3.415" classname="com.skava.testcases.TC1_Test"/>
</testsuite> <!-- com.skava.testcases.TC1_Test -->
