<?xml version="1.0" encoding="UTF-8"?>
<!-- Generated by org.testng.reporters.JUnitReportReporter -->
<testsuite skipped="0" hostname="DESKTOP-9675BQ2" name="com.skava.test_cases.TC1_Test" tests="1" failures="0" timestamp="18 Jul 2018 18:05:53 GMT" time="3.543" errors="0">
  <testcase name="TC1" time="3.543" classname="com.skava.test_cases.TC1_Test"/>
</testsuite> <!-- com.skava.test_cases.TC1_Test -->
