<?xml version="1.0" encoding="UTF-8"?>
<!-- Generated by org.testng.reporters.JUnitReportReporter -->
<testsuite skipped="0" hostname="DESKTOP-9675BQ2" name="com.skava.test_cases.TC20_Test" tests="1" failures="0" timestamp="15 Jul 2018 05:50:25 GMT" time="3.067" errors="0">
  <testcase name="TC20" time="3.067" classname="com.skava.test_cases.TC20_Test"/>
</testsuite> <!-- com.skava.test_cases.TC20_Test -->
