<?xml version="1.0" encoding="UTF-8"?>
<!-- Generated by org.testng.reporters.JUnitReportReporter -->
<testsuite skipped="0" hostname="DESKTOP-9675BQ2" name="com.skava.testcases.TC16_Test" tests="1" failures="0" timestamp="14 Jul 2018 18:22:08 GMT" time="0.614" errors="0">
  <testcase name="TC16" time="0.614" classname="com.skava.testcases.TC16_Test"/>
</testsuite> <!-- com.skava.testcases.TC16_Test -->
