<?xml version="1.0" encoding="UTF-8"?>
<!-- Generated by org.testng.reporters.JUnitReportReporter -->
<testsuite skipped="0" hostname="DESKTOP-9675BQ2" name="com.skava.header_pkg.TC12_Test" tests="1" failures="0" timestamp="18 Jul 2018 18:05:53 GMT" time="0.492" errors="0">
  <testcase name="TC12" time="0.492" classname="com.skava.header_pkg.TC12_Test"/>
</testsuite> <!-- com.skava.header_pkg.TC12_Test -->
